Traceback (most recent call last):
  File "/gpfs/projects/kuhl_lab/wanjiag/MONSTERA/derivatives/scripts/python_code/preprocessing.py", line 38, in <module>
    overall_mask = intersect_masks(mask_imgs, threshold=1, connected=True)
  File "/home/wanjiag/.local/lib/python3.9/site-packages/nilearn/masking.py", line 140, in intersect_masks
    raise ValueError('No mask provided for intersection')
ValueError: No mask provided for intersection
/home/wanjiag/.local/lib/python3.9/site-packages/nilearn/input_data/__init__.py:27: FutureWarning: The import path 'nilearn.input_data' is deprecated in version 0.9. Importing from 'nilearn.input_data' will be possible at least until release 0.13.0. Please import from 'nilearn.maskers' instead.
  warnings.warn(message, FutureWarning)
/gpfs/projects/kuhl_lab/wanjiag/MONSTERA/derivatives/scripts/python_code/denoise_z-score.py:78: SettingWithCopyWarning: 
A value is trying to be set on a copy of a slice from a DataFrame.
Try using .loc[row_indexer,col_indexer] = value instead

See the caveats in the documentation: https://pandas.pydata.org/pandas-docs/stable/user_guide/indexing.html#returning-a-view-versus-a-copy
  mc['big_fd'] = np.where(mc['framewise_displacement']>0.5, 1, 0)
/gpfs/projects/kuhl_lab/wanjiag/MONSTERA/derivatives/scripts/python_code/denoise_z-score.py:78: SettingWithCopyWarning: 
A value is trying to be set on a copy of a slice from a DataFrame.
Try using .loc[row_indexer,col_indexer] = value instead

See the caveats in the documentation: https://pandas.pydata.org/pandas-docs/stable/user_guide/indexing.html#returning-a-view-versus-a-copy
  mc['big_fd'] = np.where(mc['framewise_displacement']>0.5, 1, 0)
/gpfs/projects/kuhl_lab/wanjiag/MONSTERA/derivatives/scripts/python_code/denoise_z-score.py:78: SettingWithCopyWarning: 
A value is trying to be set on a copy of a slice from a DataFrame.
Try using .loc[row_indexer,col_indexer] = value instead

See the caveats in the documentation: https://pandas.pydata.org/pandas-docs/stable/user_guide/indexing.html#returning-a-view-versus-a-copy
  mc['big_fd'] = np.where(mc['framewise_displacement']>0.5, 1, 0)
/gpfs/projects/kuhl_lab/wanjiag/MONSTERA/derivatives/scripts/python_code/denoise_z-score.py:78: SettingWithCopyWarning: 
A value is trying to be set on a copy of a slice from a DataFrame.
Try using .loc[row_indexer,col_indexer] = value instead

See the caveats in the documentation: https://pandas.pydata.org/pandas-docs/stable/user_guide/indexing.html#returning-a-view-versus-a-copy
  mc['big_fd'] = np.where(mc['framewise_displacement']>0.5, 1, 0)
/gpfs/projects/kuhl_lab/wanjiag/MONSTERA/derivatives/scripts/python_code/denoise_z-score.py:78: SettingWithCopyWarning: 
A value is trying to be set on a copy of a slice from a DataFrame.
Try using .loc[row_indexer,col_indexer] = value instead

See the caveats in the documentation: https://pandas.pydata.org/pandas-docs/stable/user_guide/indexing.html#returning-a-view-versus-a-copy
  mc['big_fd'] = np.where(mc['framewise_displacement']>0.5, 1, 0)
/gpfs/projects/kuhl_lab/wanjiag/MONSTERA/derivatives/scripts/python_code/denoise_z-score.py:78: SettingWithCopyWarning: 
A value is trying to be set on a copy of a slice from a DataFrame.
Try using .loc[row_indexer,col_indexer] = value instead

See the caveats in the documentation: https://pandas.pydata.org/pandas-docs/stable/user_guide/indexing.html#returning-a-view-versus-a-copy
  mc['big_fd'] = np.where(mc['framewise_displacement']>0.5, 1, 0)
/gpfs/projects/kuhl_lab/wanjiag/MONSTERA/derivatives/scripts/python_code/denoise_z-score.py:78: SettingWithCopyWarning: 
A value is trying to be set on a copy of a slice from a DataFrame.
Try using .loc[row_indexer,col_indexer] = value instead

See the caveats in the documentation: https://pandas.pydata.org/pandas-docs/stable/user_guide/indexing.html#returning-a-view-versus-a-copy
  mc['big_fd'] = np.where(mc['framewise_displacement']>0.5, 1, 0)
/gpfs/projects/kuhl_lab/wanjiag/MONSTERA/derivatives/scripts/python_code/denoise_z-score.py:78: SettingWithCopyWarning: 
A value is trying to be set on a copy of a slice from a DataFrame.
Try using .loc[row_indexer,col_indexer] = value instead

See the caveats in the documentation: https://pandas.pydata.org/pandas-docs/stable/user_guide/indexing.html#returning-a-view-versus-a-copy
  mc['big_fd'] = np.where(mc['framewise_displacement']>0.5, 1, 0)
/gpfs/projects/kuhl_lab/wanjiag/MONSTERA/derivatives/scripts/python_code/denoise_z-score.py:78: SettingWithCopyWarning: 
A value is trying to be set on a copy of a slice from a DataFrame.
Try using .loc[row_indexer,col_indexer] = value instead

See the caveats in the documentation: https://pandas.pydata.org/pandas-docs/stable/user_guide/indexing.html#returning-a-view-versus-a-copy
  mc['big_fd'] = np.where(mc['framewise_displacement']>0.5, 1, 0)
/gpfs/projects/kuhl_lab/wanjiag/MONSTERA/derivatives/scripts/python_code/denoise_z-score.py:78: SettingWithCopyWarning: 
A value is trying to be set on a copy of a slice from a DataFrame.
Try using .loc[row_indexer,col_indexer] = value instead

See the caveats in the documentation: https://pandas.pydata.org/pandas-docs/stable/user_guide/indexing.html#returning-a-view-versus-a-copy
  mc['big_fd'] = np.where(mc['framewise_displacement']>0.5, 1, 0)
/gpfs/projects/kuhl_lab/wanjiag/MONSTERA/derivatives/scripts/python_code/denoise_z-score.py:78: SettingWithCopyWarning: 
A value is trying to be set on a copy of a slice from a DataFrame.
Try using .loc[row_indexer,col_indexer] = value instead

See the caveats in the documentation: https://pandas.pydata.org/pandas-docs/stable/user_guide/indexing.html#returning-a-view-versus-a-copy
  mc['big_fd'] = np.where(mc['framewise_displacement']>0.5, 1, 0)
/gpfs/projects/kuhl_lab/wanjiag/MONSTERA/derivatives/scripts/python_code/denoise_z-score.py:78: SettingWithCopyWarning: 
A value is trying to be set on a copy of a slice from a DataFrame.
Try using .loc[row_indexer,col_indexer] = value instead

See the caveats in the documentation: https://pandas.pydata.org/pandas-docs/stable/user_guide/indexing.html#returning-a-view-versus-a-copy
  mc['big_fd'] = np.where(mc['framewise_displacement']>0.5, 1, 0)
/gpfs/projects/kuhl_lab/wanjiag/MONSTERA/derivatives/scripts/python_code/denoise_z-score.py:78: SettingWithCopyWarning: 
A value is trying to be set on a copy of a slice from a DataFrame.
Try using .loc[row_indexer,col_indexer] = value instead

See the caveats in the documentation: https://pandas.pydata.org/pandas-docs/stable/user_guide/indexing.html#returning-a-view-versus-a-copy
  mc['big_fd'] = np.where(mc['framewise_displacement']>0.5, 1, 0)
/gpfs/projects/kuhl_lab/wanjiag/MONSTERA/derivatives/scripts/python_code/denoise_z-score.py:78: SettingWithCopyWarning: 
A value is trying to be set on a copy of a slice from a DataFrame.
Try using .loc[row_indexer,col_indexer] = value instead

See the caveats in the documentation: https://pandas.pydata.org/pandas-docs/stable/user_guide/indexing.html#returning-a-view-versus-a-copy
  mc['big_fd'] = np.where(mc['framewise_displacement']>0.5, 1, 0)
/gpfs/projects/kuhl_lab/wanjiag/MONSTERA/derivatives/scripts/python_code/denoise_z-score.py:78: SettingWithCopyWarning: 
A value is trying to be set on a copy of a slice from a DataFrame.
Try using .loc[row_indexer,col_indexer] = value instead

See the caveats in the documentation: https://pandas.pydata.org/pandas-docs/stable/user_guide/indexing.html#returning-a-view-versus-a-copy
  mc['big_fd'] = np.where(mc['framewise_displacement']>0.5, 1, 0)
/gpfs/projects/kuhl_lab/wanjiag/MONSTERA/derivatives/scripts/python_code/denoise_z-score.py:78: SettingWithCopyWarning: 
A value is trying to be set on a copy of a slice from a DataFrame.
Try using .loc[row_indexer,col_indexer] = value instead

See the caveats in the documentation: https://pandas.pydata.org/pandas-docs/stable/user_guide/indexing.html#returning-a-view-versus-a-copy
  mc['big_fd'] = np.where(mc['framewise_displacement']>0.5, 1, 0)
/gpfs/projects/kuhl_lab/wanjiag/MONSTERA/derivatives/scripts/python_code/denoise_z-score.py:78: SettingWithCopyWarning: 
A value is trying to be set on a copy of a slice from a DataFrame.
Try using .loc[row_indexer,col_indexer] = value instead

See the caveats in the documentation: https://pandas.pydata.org/pandas-docs/stable/user_guide/indexing.html#returning-a-view-versus-a-copy
  mc['big_fd'] = np.where(mc['framewise_displacement']>0.5, 1, 0)
/gpfs/projects/kuhl_lab/wanjiag/MONSTERA/derivatives/scripts/python_code/denoise_z-score.py:78: SettingWithCopyWarning: 
A value is trying to be set on a copy of a slice from a DataFrame.
Try using .loc[row_indexer,col_indexer] = value instead

See the caveats in the documentation: https://pandas.pydata.org/pandas-docs/stable/user_guide/indexing.html#returning-a-view-versus-a-copy
  mc['big_fd'] = np.where(mc['framewise_displacement']>0.5, 1, 0)
/gpfs/projects/kuhl_lab/wanjiag/MONSTERA/derivatives/scripts/python_code/denoise_z-score.py:78: SettingWithCopyWarning: 
A value is trying to be set on a copy of a slice from a DataFrame.
Try using .loc[row_indexer,col_indexer] = value instead

See the caveats in the documentation: https://pandas.pydata.org/pandas-docs/stable/user_guide/indexing.html#returning-a-view-versus-a-copy
  mc['big_fd'] = np.where(mc['framewise_displacement']>0.5, 1, 0)
/gpfs/projects/kuhl_lab/wanjiag/MONSTERA/derivatives/scripts/python_code/denoise_z-score.py:78: SettingWithCopyWarning: 
A value is trying to be set on a copy of a slice from a DataFrame.
Try using .loc[row_indexer,col_indexer] = value instead

See the caveats in the documentation: https://pandas.pydata.org/pandas-docs/stable/user_guide/indexing.html#returning-a-view-versus-a-copy
  mc['big_fd'] = np.where(mc['framewise_displacement']>0.5, 1, 0)
Traceback (most recent call last):
  File "/home/wanjiag/.local/lib/python3.9/site-packages/nibabel/loadsave.py", line 42, in load
    stat_result = os.stat(filename)
FileNotFoundError: [Errno 2] No such file or directory: '/projects/kuhl_lab/wanjiag/MONSTERA/derivatives/preprocess/sub-MONSTERA26/sub-MONSTERA26_space-T1w_desc-brain_intersect_mask.nii.gz'

During handling of the above exception, another exception occurred:

Traceback (most recent call last):
  File "/gpfs/projects/kuhl_lab/wanjiag/MONSTERA/derivatives/scripts/python_code/denoise_z-score.py", line 35, in <module>
    avg_mask = nib.load(mask_output)
  File "/home/wanjiag/.local/lib/python3.9/site-packages/nibabel/loadsave.py", line 44, in load
    raise FileNotFoundError(f"No such file or no access: '{filename}'")
FileNotFoundError: No such file or no access: '/projects/kuhl_lab/wanjiag/MONSTERA/derivatives/preprocess/sub-MONSTERA26/sub-MONSTERA26_space-T1w_desc-brain_intersect_mask.nii.gz'
